<?xml version="1.0" encoding="UTF-8"?>
<testsuite xmlns:xsi="http://www.w3.org/2001/XMLSchema-instance" xsi:noNamespaceSchemaLocation="https://maven.apache.org/surefire/maven-surefire-plugin/xsd/surefire-test-report.xsd" name="com.gametags.gametags.classification.ClassificationMapperTest" time="1.557" tests="2" errors="0" skipped="0" failures="0">
  <properties>
[...]
</properties>
  <testcase name="mappingWithNonExistingId" classname="com.gametags.gametags.classification.ClassificationMapperTest" time="1.365"/>
  <testcase name="mappingWithExistingId" classname="com.gametags.gametags.classification.ClassificationMapperTest" time="0.159"/>
</testsuite>